2021-07-03 16:52:38,429 : INFO - file_utils import_eventlog :  Import eventlog in 0.41028270000000333 seconds: ../../test/data/eventlogs_test/corrupted_debug_logs/semantic_500traces_IntDecl.xes
2021-07-03 16:52:41,151 : INFO - sim_utils abstract_calc_sim_matrix :  SimilarityMatrix test_dif_tokens has been calculated in 0.004210499999999229 seconds
2021-07-03 16:52:41,626 : INFO - sim_utils abstract_calc_sim_matrix :  SimilarityMatrix test_dif_spacy has been calculated in 0.4665673999999953 seconds
2021-07-03 16:52:41,626 : INFO - sim_utils abstract_calc_sim_matrix :  SimilarityMatrix test_gl_list_logging has been calculated in 0.003263099999998076 seconds
2021-07-03 16:52:42,376 : INFO - sim_utils abstract_calc_sim_matrix :  SimilarityMatrix test_sp_list_logging has been calculated in 0.7546346000000028 seconds
2021-07-03 16:52:42,391 : INFO - sim_utils abstract_calc_sim_matrix :  SimilarityMatrix test_min has been calculated in 0.0032111000000014656 seconds
2021-07-03 16:52:42,391 : INFO - sim_utils abstract_calc_sim_matrix :  SimilarityMatrix test_avg has been calculated in 0.00376780000000565 seconds
2021-07-03 16:52:42,438 : INFO - sim_utils abstract_calc_sim_matrix :  SimilarityMatrix test_dif_tokens has been calculated in 0.04575860000000631 seconds
2021-07-03 16:52:55,118 : INFO - sim_utils abstract_calc_sim_matrix :  SimilarityMatrix test_dif_spacy has been calculated in 12.672190399999998 seconds
2021-07-03 16:52:55,618 : INFO - sim_utils abstract_calc_sim_matrix :  SimilarityMatrix test_gl_list_logging has been calculated in 0.49950139999999976 seconds
2021-07-03 16:53:22,081 : INFO - sim_utils abstract_calc_sim_matrix :  SimilarityMatrix test_sp_list_logging has been calculated in 26.464709000000006 seconds
2021-07-03 16:53:22,206 : INFO - sim_utils abstract_calc_sim_matrix :  SimilarityMatrix test_min has been calculated in 0.12368150000000355 seconds
2021-07-03 16:53:22,346 : INFO - sim_utils abstract_calc_sim_matrix :  SimilarityMatrix test_avg has been calculated in 0.14607600000000787 seconds
2021-07-03 16:53:22,362 : INFO - sim_utils abstract_calc_sim_matrix :  SimilarityMatrix test_dif_tokens has been calculated in 0.0005622999999985723 seconds
2021-07-03 16:53:22,487 : INFO - sim_utils abstract_calc_sim_matrix :  SimilarityMatrix test_dif_spacy has been calculated in 0.12366910000000075 seconds
2021-07-03 16:53:22,487 : INFO - sim_utils abstract_calc_sim_matrix :  SimilarityMatrix test_gl_list_logging has been calculated in 0.0017007000000006656 seconds
2021-07-03 16:53:22,831 : INFO - sim_utils abstract_calc_sim_matrix :  SimilarityMatrix test_sp_list_logging has been calculated in 0.34058929999999066 seconds
2021-07-03 16:53:22,831 : INFO - sim_utils abstract_calc_sim_matrix :  SimilarityMatrix test_min has been calculated in 0.0014717999999902531 seconds
2021-07-03 16:53:22,831 : INFO - sim_utils abstract_calc_sim_matrix :  SimilarityMatrix test_avg has been calculated in 0.0020332999999936874 seconds
2021-07-03 22:28:51,319 : INFO - file_utils import_eventlog :  Import eventlog in 0.3532036000000005 seconds: ../../test/data/eventlogs_test/corrupted_debug_logs/semantic_500traces_IntDecl.xes
2021-07-03 22:28:53,694 : INFO - sim_utils abstract_calc_sim_matrix :  SimilarityMatrix test_dif_tokens has been calculated in 0.0031291000000024383 seconds
2021-07-03 22:28:53,803 : INFO - sim_utils abstract_calc_sim_matrix :  SimilarityMatrix test_dif_spacy has been calculated in 0.10849089999999961 seconds
2021-07-03 22:28:53,803 : INFO - sim_utils abstract_calc_sim_matrix :  SimilarityMatrix test_gl_list_logging has been calculated in 0.0025615999999999417 seconds
2021-07-03 22:28:54,108 : INFO - sim_utils abstract_calc_sim_matrix :  SimilarityMatrix test_sp_list_logging has been calculated in 0.3045527000000021 seconds
2021-07-03 22:28:54,108 : INFO - sim_utils abstract_calc_sim_matrix :  SimilarityMatrix test_min has been calculated in 0.0012369999999961578 seconds
2021-07-03 22:28:54,108 : INFO - sim_utils abstract_calc_sim_matrix :  SimilarityMatrix test_avg has been calculated in 0.0030064999999979136 seconds
2021-07-03 22:28:54,155 : INFO - sim_utils abstract_calc_sim_matrix :  SimilarityMatrix test_dif_tokens has been calculated in 0.04551820000000362 seconds
2021-07-03 22:29:05,129 : INFO - sim_utils abstract_calc_sim_matrix :  SimilarityMatrix test_dif_spacy has been calculated in 10.9768076 seconds
2021-07-03 22:29:05,629 : INFO - sim_utils abstract_calc_sim_matrix :  SimilarityMatrix test_gl_list_logging has been calculated in 0.4850138000000044 seconds
2021-07-03 22:29:33,922 : INFO - sim_utils abstract_calc_sim_matrix :  SimilarityMatrix test_sp_list_logging has been calculated in 28.295831600000007 seconds
2021-07-03 22:29:34,047 : INFO - sim_utils abstract_calc_sim_matrix :  SimilarityMatrix test_min has been calculated in 0.12648879999998996 seconds
2021-07-03 22:29:34,219 : INFO - sim_utils abstract_calc_sim_matrix :  SimilarityMatrix test_avg has been calculated in 0.17081620000000441 seconds
2021-07-03 22:29:34,235 : INFO - sim_utils abstract_calc_sim_matrix :  SimilarityMatrix test_dif_tokens has been calculated in 0.0016254999999887332 seconds
2021-07-03 22:29:34,639 : INFO - sim_utils abstract_calc_sim_matrix :  SimilarityMatrix test_dif_spacy has been calculated in 0.4132728999999955 seconds
2021-07-03 22:29:34,654 : INFO - sim_utils abstract_calc_sim_matrix :  SimilarityMatrix test_gl_list_logging has been calculated in 0.0046555999999924325 seconds
2021-07-03 22:29:35,636 : INFO - sim_utils abstract_calc_sim_matrix :  SimilarityMatrix test_sp_list_logging has been calculated in 0.9848417999999981 seconds
2021-07-03 22:29:35,636 : INFO - sim_utils abstract_calc_sim_matrix :  SimilarityMatrix test_min has been calculated in 0.0032481000000075255 seconds
2021-07-03 22:29:35,636 : INFO - sim_utils abstract_calc_sim_matrix :  SimilarityMatrix test_avg has been calculated in 0.004530899999991789 seconds
